<?xml version="1.0" encoding="UTF-8"?>
<!-- Generated by org.testng.reporters.JUnitReportReporter -->
<testsuite hostname="DESKTOP-H79G770" failures="0" tests="2" name="org.testing.AnnotationCheck" time="0.036" errors="0" timestamp="2024-10-04T08:26:39 IST" skipped="0">
  <testcase classname="org.testing.AnnotationCheck" name="Test2" time="0.010"/>
  <system-out/>
  <testcase classname="org.testing.AnnotationCheck" name="Test1" time="0.026"/>
  <system-out/>
</testsuite> <!-- org.testing.AnnotationCheck -->
