<?xml version="1.0" encoding="UTF-8"?>
<!-- Generated by org.testng.reporters.JUnitReportReporter -->
<testsuite hostname="DESKTOP-H79G770" failures="0" tests="1" name="org.testing.Class1" time="0.017" errors="0" timestamp="2024-10-09T08:52:44 IST" skipped="0">
  <testcase classname="org.testing.Class1" name="m1" time="0.017"/>
  <system-out/>
</testsuite> <!-- org.testing.Class1 -->
