<?xml version="1.0" encoding="UTF-8"?>
<!-- Generated by org.testng.reporters.JUnitReportReporter -->
<testsuite hostname="DESKTOP-H79G770" failures="0" tests="1" name="com.tests.LoginTest" time="78.499" errors="0" timestamp="2024-11-13T17:28:57 IST" skipped="0">
  <testcase classname="com.tests.LoginTest" name="checkForgotPwd_Exist" time="78.499"/>
  <system-out/>
</testsuite> <!-- com.tests.LoginTest -->
